<?xml version="1.0" encoding="UTF-8"?>
<testsuite name="com.kodilla.stream.world.WorldTestSuite" tests="1" skipped="0" failures="0" errors="0" timestamp="2020-06-20T15:02:22" hostname="DESKTOP-VUOAR0M" time="0.022">
  <properties/>
  <testcase name="testGetPeopleQuantity" classname="com.kodilla.stream.world.WorldTestSuite" time="0.022"/>
  <system-out><![CDATA[Test OK
]]></system-out>
  <system-err><![CDATA[]]></system-err>
</testsuite>
