<?xml version="1.0" encoding="UTF-8"?>
<testsuite name="com.kodilla.stream.sand.SandStorageTestSuite" tests="1" skipped="0" failures="0" errors="0" timestamp="2020-06-19T16:05:46" hostname="DESKTOP-VUOAR0M" time="0.01">
  <properties/>
  <testcase name="testGetSandBeansQuantity" classname="com.kodilla.stream.sand.SandStorageTestSuite" time="0.01"/>
  <system-out><![CDATA[]]></system-out>
  <system-err><![CDATA[]]></system-err>
</testsuite>
